00000000                                     1  ************************ AREA CODICE ******************************
00000000                                     2  
00008000                                     3  			ORG 			$8000
00008000                                     4  
00008000                                     5  MAIN			
00008000                                     6  
00008000                                     7  ************************ TROVO MASSIMO ******************************
00008000                                     8  
00008000  4240                               9  			CLR.W D0
00008002  4241                              10  			CLR.W D1
00008004  4242                              11  			CLR.W D2 
00008006  4244                              12  			CLR.W D4
00008008  41F9 00009000                     13  			LEA.L RIGA1,A0
0000800E  43F9 00009000                     14  			LEA.L RIGA1,A1
00008014  103C 0004                         15  			MOVE.B #4,D0
00008018  4EB9 000080A8                     16  			JSR			TROVA_MASSIMO
0000801E                                    17   
0000801E  41F9 00009004                     18  			LEA.L RIGA2,A0
00008024  43F9 00009004                     19  			LEA.L RIGA2,A1
0000802A  4241                              20  			CLR.W D1
0000802C  4243                              21  			CLR.W D3
0000802E  4EB9 000080A8                     22  			JSR			TROVA_MASSIMO
00008034                                    23  
00008034  41F9 00009008                     24  			LEA.L RIGA3,A0
0000803A  43F9 00009008                     25  			LEA.L RIGA3,A1
00008040  4241                              26  			CLR.W D1
00008042  4243                              27  			CLR.W D3
00008044  4EB9 000080A8                     28  			JSR			TROVA_MASSIMO
0000804A                                    29  
0000804A                                    30  ************************ TROVO MINIMO ******************************
0000804A                                    31  			
0000804A  4241                              32  			CLR.W D1
0000804C  4243                              33  			CLR.W D3
0000804E  41F9 00009000                     34  			LEA.L RIGA1,A0
00008054  43F9 00009000                     35  			LEA.L RIGA1,A1
0000805A  103C 0004                         36  			MOVE.B #4,D0
0000805E  183C 0064                         37  			MOVE.B #100,D4
00008062  4EB9 000080C2                     38  			JSR			TMIN
00008068                                    39   
00008068  41F9 00009004                     40  			LEA.L RIGA2,A0
0000806E  43F9 00009004                     41  			LEA.L RIGA2,A1
00008074  4241                              42  			CLR.W D1
00008076  4243                              43  			CLR.W D3
00008078  4EB9 000080C2                     44  			JSR			TMIN
0000807E                                    45  
0000807E  41F9 00009008                     46  			LEA.L RIGA3,A0
00008084  43F9 00009008                     47  			LEA.L RIGA3,A1
0000808A  4241                              48  			CLR.W D1
0000808C  4243                              49  			CLR.W D3
0000808E  4EB9 000080C2                     50  			JSR			TMIN
00008094                                    51  
00008094                                    52  ************************ SWAP ******************************
00008094                                    53  
00008094  287C 00009200                     54  			MOVEA.L #$9200,A4
0000809A  4241                              55  			CLR.W D1
0000809C  4EB9 000080DC                     56  			JSR			SPOSTAMENTO
000080A2                                    57  
000080A2                                    58  ************************ FINE ******************************
000080A2                                    59  
000080A2  4EF9 000080A2                     60  END			JMP			END
000080A8                                    61  
000080A8                                    62  
000080A8                                    63  
000080A8                                    64  ************************ SUBROUTINE TROVA MASSIMO ******************************
000080A8                                    65  
000080A8  B001                              66  TROVA_MASSIMO	CMP.B D1,D0
000080AA  6700 0014                         67  			BEQ			FINE_MAX
000080AE  5241                              68  			ADD #1,D1
000080B0  1618                              69  			MOVE.B (A0)+,D3
000080B2  B602                              70  			CMP.B D2,D3
000080B4  6E00 0004                         71  			BGT			AGGIORNA_MASSIMO
000080B8  60EE                              72  			BRA			TROVA_MASSIMO
000080BA                                    73   
000080BA  1403                              74  AGGIORNA_MASSIMO MOVE.B D3,D2
000080BC  2449                              75  			MOVEA.L A1,A2
000080BE  60E8                              76  			BRA			TROVA_MASSIMO
000080C0                                    77   
000080C0  4E75                              78  FINE_MAX		RTS				
000080C2                                    79   
000080C2                                    80  ************************ SUBROUTINE TROVA MINIMO ******************************
000080C2                                    81  
000080C2  B001                              82  TMIN			CMP.B D1,D0
000080C4  6700 0014                         83  			BEQ			FMIN
000080C8  5241                              84  			ADD #1,D1
000080CA  1618                              85  			MOVE.B (A0)+,D3
000080CC  B604                              86  			CMP.B D4,D3
000080CE  6D00 0004                         87  			BLT			AGGMIN
000080D2  60EE                              88  			BRA			TMIN
000080D4  1803                              89  AGGMIN		MOVE.B D3,D4
000080D6  2649                              90  			MOVEA.L A1,A3
000080D8  60E8                              91  			BRA			TMIN
000080DA                                    92   
000080DA  4E75                              93  FMIN			RTS				
000080DC                                    94  
000080DC                                    95  ************************ SUBROUTINE SPOSTAMENTO ******************************
000080DC  B001                              96  SPOSTAMENTO	CMP.B D1,D0
000080DE  6700 0022                         97  			BEQ			FINE_SPOSTAMENTO
000080E2  5241                              98  			ADD #1,D1
000080E4  1892                              99  			MOVE.B (A2),(A4)
000080E6  1493                             100  			MOVE.B (A3),(A2)
000080E8  1694                             101  			MOVE.B (A4),(A3)
000080EA  D5FC 00000001                    102  			ADDA.L #1,A2
000080F0  D7FC 00000001                    103  			ADDA.L #1,A3
000080F6  D9FC 00000001                    104  			ADDA.L #1,A4
000080FC  4EF9 000080DC                    105  			JMP			SPOSTAMENTO
00008102  4E75                             106  FINE_SPOSTAMENTO	RTS
00008104                                   107  
00008104                                   108   ************************ AREA DATI ******************************
00008104                                   109  
00009000                                   110  		ORG 		$9000
00009000  02 03 50 04 05 06 07 08 01 ...   111  MATRICE 	DC.B 		$2,$3,$50,$4,$5,$6,$7,$8,$1,$9,$10,$11
0000900C  =00009000                        112  RIGA1		EQU		MATRICE
0000900C  =00009004                        113  RIGA2		EQU		MATRICE+4
0000900C  =00009008                        114  RIGA3		EQU		RIGA2+4
0000900C                                   115  		END 		MAIN

No errors detected
No warnings generated
