00000000                                     1  ********************** AREA CODICE *****************************
00000000                                     2  
00008000                                     3  			ORG				$8000
00008000                                     4  
00008000                                     5  ********************** CALCOLO CHECKSUM MSG1 *****************************
00008000                                     6  
00008000  4240                               7  MAIN			CLR.W D0
00008002  4241                               8  			CLR.W D1
00008004  4242                               9  			CLR.W D2
00008006  4243                              10  			CLR.W D3
00008008  41F9 00009000                     11  			LEA.L MSG,A0
0000800E  1218                              12  			MOVE.B (A0)+,D1
00008010  4EB9 00008064                     13  			JSR				CHECKSUM
00008016  1803                              14  			MOVE.B D3,D4
00008018                                    15  
00008018                                    16  ********************** SPOSTAMENTO DEL MESSAGGIO *****************************
00008018                                    17  			
00008018  4240                              18  			CLR.W D0	
0000801A  41F9 00009000                     19  			LEA.L MSG,A0
00008020  D1FC 00000001                     20  			ADDA.L #1,A0
00008026  227C 00008200                     21  			MOVEA.L #$8200,A1
0000802C  B200                              22  FOR			CMP.B D0,D1
0000802E  6700 000C                         23  			BEQ				ENDFOR
00008032  5200                              24  			ADD.B #1,D0
00008034  12D8                              25  			MOVE.B (A0)+,(A1)+
00008036  4EF9 0000802C                     26  			JMP				FOR
0000803C                                    27  
0000803C                                    28  ********************** CALCOLO CHECKSUM MSG2 *****************************
0000803C                                    29  
0000803C                                    30  
0000803C  4240                              31  ENDFOR		CLR.W D0
0000803E  4242                              32  			CLR.W D2
00008040  4243                              33  			CLR.W D3
00008042  207C 00008200                     34  			MOVEA.L #$8200,A0
00008048  4EB9 00008064                     35  			JSR				CHECKSUM
0000804E                                    36  
0000804E                                    37  
0000804E                                    38  ********************** CONFRONTO LE DUE CHECKSUM *****************************
0000804E                                    39  
0000804E  B803                              40  			CMP.B D3,D4
00008050  6700 0006                         41  			BEQ				OK_CHECKSUM
00008054  6000 0008                         42  			BRA				NO_CHECKSUM
00008058                                    43  
00008058  4EF9 00008058                     44  OK_CHECKSUM	JMP				OK_CHECKSUM
0000805E                                    45  
0000805E  4EF9 0000805E                     46  NO_CHECKSUM	JMP				NO_CHECKSUM
00008064                                    47  
00008064                                    48  
00008064                                    49  ********************** SUBROUTINE CHECKSUM*****************************
00008064                                    50  
00008064  B200                              51  CHECKSUM		CMP.B D0,D1
00008066  6700 000E                         52  			BEQ				ENDCHECK
0000806A  5200                              53  			ADD.B #1,D0		
0000806C  1418                              54  			MOVE.B (A0)+,D2
0000806E  B503                              55  			EOR.B D2,D3
00008070  4EF9 00008064                     56  			JMP				CHECKSUM
00008076  4E75                              57  ENDCHECK		RTS
00008078                                    58  
00008078                                    59  
00008078                                    60  
00008078                                    61  ********************** AREA DATI*****************************
00008078                                    62  
00009000                                    63  			ORG				$9000
00009000  08 01 02 03 04 05 06 07 08        64  MSG			DC.B				$8,$1,$2,$3,$4,$5,$6,$7,$8
00009009                                    65  			END				MAIN

No errors detected
No warnings generated
