00008100                                     1  			ORG				$8100
00008100  103C 0005                          2  MAIN			MOVE.B #5,D0
00008104  123C 0005                          3  			MOVE.B #5,D1
00008108                                     4  
00008108  B200                               5  			CMP.B D0,D1		
0000810A  6700 001E                          6  			BEQ				OK1
0000810E  123C 0006                          7  L1			MOVE.B #6,D1
00008112  B200                               8  			CMP.B D0,D1		
00008114  6600 001C                          9  			BNE				OK2
00008118                                    10  
00008118  B200                              11  L2			CMP.B D0,D1
0000811A  6E00 001E                         12  			BGT				OK3
0000811E                                    13  
0000811E  B001                              14  L3			CMP.B D1,D0			
00008120  6D00 0020                         15  			BLT				OK4
00008124                                    16  
00008124  4EF9 00008144                     17  			JMP				LOOP
0000812A                                    18  
0000812A  5242                              19  OK1			ADD.W #1,D2
0000812C  4EF9 0000810E                     20  			JMP				L1
00008132                                    21  		
00008132  5242                              22  OK2			ADD.W #1,D2
00008134  4EF9 00008118                     23  			JMP				L2
0000813A                                    24  
0000813A  5242                              25  OK3			ADD.W #1,D2
0000813C  4EF9 0000811E                     26  			JMP				L3	
00008142                                    27  
00008142  5242                              28  OK4			ADD.W #1,D2		
00008144                                    29  
00008144  4EF9 00008144                     30  LOOP			JMP				LOOP
0000814A                                    31  			END				MAIN

No errors detected
No warnings generated
